0 0.991317
1 0.987414
2 0.982322
3 0.975543
4 0.976950
5 0.971046
6 0.968564
7 0.971771
8 0.966908
9 0.953802
10 0.937992
11 0.931541
12 0.928915
13 0.921344
14 0.915132
15 0.912482
16 0.907725
17 0.903280
18 0.897531
19 0.897472
20 0.901403
21 0.888982
22 0.880903
23 0.875009
24 0.868888
25 0.867591
26 0.861205
27 0.856195
28 0.851427
29 0.846362
30 0.850533
31 0.845507
32 0.843663
33 0.837347
34 0.832936
35 0.829574
36 0.831165
37 0.827047
38 0.824090
39 0.822565
40 0.818274
41 0.811824
42 0.810115
43 0.810545
44 0.808895
45 0.808104
46 0.801351
47 0.793154
48 0.789756
49 0.787629
50 0.789135
51 0.787737
52 0.788189
53 0.783409
54 0.777986
55 0.778424
56 0.772898
57 0.769084
58 0.767216
59 0.766653
60 0.765808
61 0.762097
62 0.758435
63 0.756443
64 0.750831
65 0.750965
66 0.747712
67 0.741874
68 0.742488
69 0.737738
70 0.741210
71 0.738256
72 0.738100
73 0.736859
74 0.732578
75 0.733500
76 0.730869
77 0.726945
78 0.725489
79 0.723413
80 0.717765
81 0.712795
82 0.711961
83 0.707626
84 0.709032
85 0.703907
86 0.701783
87 0.696578
88 0.695654
89 0.692918
90 0.690816
91 0.691161
92 0.688356
93 0.685566
94 0.681736
95 0.678195
96 0.676138
97 0.674921
98 0.671281
99 0.669520
100 0.666320
101 0.665762
102 0.664980
103 0.660967
104 0.659128
105 0.655095
106 0.653404
107 0.651695
108 0.649668
109 0.648952
110 0.649105
111 0.647975
112 0.647827
113 0.650375
114 0.643035
115 0.643984
116 0.644053
117 0.649301
118 0.653622
119 0.646133
120 0.635335
121 0.627331
122 0.629480
123 0.629112
124 0.629082
125 0.633068
126 0.635067
127 0.629584
128 0.621196
129 0.614367
130 0.614402
131 0.617530
132 0.618850
133 0.611098
134 0.611079
135 0.612238
136 0.613492
137 0.617502
138 0.605795
139 0.598521
140 0.591476
141 0.586208
142 0.588578
143 0.592213
144 0.597045
145 0.589804
146 0.582393
147 0.583523
148 0.577734
149 0.580659
150 0.575911
151 0.571836
152 0.572191
153 0.575167
154 0.577210
155 0.567858
156 0.568002
157 0.561040
158 0.557316
159 0.554081
160 0.552551
161 0.549360
162 0.547750
163 0.546950
164 0.545347
165 0.543937
166 0.543096
167 0.540861
168 0.539794
169 0.538471
170 0.540317
171 0.540691
172 0.541573
173 0.542525
174 0.536570
175 0.533112
176 0.531338
177 0.529808
178 0.528737
179 0.527171
180 0.526736
181 0.526257
182 0.524477
183 0.524152
184 0.521853
185 0.521862
186 0.521066
187 0.519300
188 0.519099
189 0.518971
190 0.516425
191 0.518413
192 0.519286
193 0.520551
194 0.517648
195 0.518200
196 0.519053
197 0.514642
198 0.512706
199 0.511717
200 0.512569
201 0.511156
202 0.505811
203 0.506618
204 0.507715
205 0.508501
206 0.504100
207 0.507405
208 0.508666
209 0.506582
210 0.504577
211 0.500915
212 0.495789
213 0.497905
214 0.495594
215 0.498372
216 0.503481
217 0.495694
218 0.492112
219 0.487538
220 0.482467
221 0.482745
222 0.479317
223 0.480778
224 0.485318
225 0.489096
226 0.486620
227 0.479752
228 0.478044
229 0.478377
230 0.481505
231 0.478889
232 0.483608
233 0.477734
234 0.483468
235 0.481188
236 0.475423
237 0.478464
238 0.479492
239 0.474162
240 0.471063
241 0.471247
242 0.465306
243 0.461377
244 0.459781
245 0.458911
246 0.460510
247 0.456826
248 0.454395
249 0.454741
250 0.455478
251 0.452993
252 0.452868
253 0.452228
254 0.452716
255 0.454991
256 0.449102
257 0.447284
258 0.447208
259 0.443934
260 0.442072
261 0.442059
262 0.441799
263 0.441188
264 0.439971
265 0.439885
266 0.442588
267 0.440737
268 0.441310
269 0.442142
270 0.444728
271 0.440164
272 0.437405
273 0.434305
274 0.432155
275 0.430673
276 0.429550
277 0.428881
278 0.427840
279 0.426582
280 0.425803
281 0.425158
282 0.424400
283 0.423166
284 0.422567
285 0.422579
286 0.423240
287 0.421444
288 0.420453
289 0.420425
290 0.420811
291 0.423039
292 0.425816
293 0.424422
294 0.424926
295 0.418577
296 0.418632
297 0.419654
298 0.421874
299 0.422337
300 0.417563
301 0.412551
302 0.412726
303 0.413180
304 0.409198
305 0.411029
306 0.407038
307 0.408022
308 0.407078
309 0.407103
310 0.404769
311 0.401969
312 0.406283
313 0.407078
314 0.405037
315 0.407099
316 0.403814
317 0.404720
318 0.405891
319 0.403399
320 0.402113
321 0.402898
322 0.399564
323 0.400170
324 0.400390
325 0.401777
326 0.403091
327 0.399442
328 0.399832
329 0.398697
330 0.397200
331 0.398020
332 0.393632
333 0.392708
334 0.390923
335 0.395082
336 0.395018
337 0.393658
338 0.393642
339 0.393647
340 0.391017
341 0.388610
342 0.388763
343 0.387852
344 0.387777
345 0.385348
346 0.385514
347 0.386386
348 0.387406
349 0.384104
350 0.385176
351 0.386122
352 0.386356
353 0.382216
354 0.380346
355 0.379458
356 0.377823
357 0.377898
358 0.378089
359 0.378303
360 0.378607
361 0.379479
362 0.381315
363 0.382657
364 0.384639
365 0.379656
366 0.381026
367 0.377967
368 0.374216
369 0.375496
370 0.378179
371 0.376478
372 0.375293
373 0.371533
374 0.366677
375 0.364630
376 0.361887
377 0.363804
378 0.363801
379 0.364350
380 0.365012
381 0.362915
382 0.363320
383 0.363604
384 0.360667
385 0.361040
386 0.360888
387 0.359007
388 0.358194
389 0.357112
390 0.357064
391 0.353857
392 0.353769
393 0.351757
394 0.350681
395 0.350342
396 0.350005
397 0.350000
398 0.349721
399 0.349443
400 0.348713
401 0.348595
402 0.348679
403 0.348361
404 0.347612
405 0.347833
406 0.346388
407 0.345781
408 0.344842
409 0.344379
410 0.343985
411 0.343535
412 0.343197
413 0.342410
414 0.341834
415 0.341600
416 0.341535
417 0.340762
418 0.340617
419 0.340254
420 0.339809
421 0.339332
422 0.338697
423 0.338418
424 0.339231
425 0.338188
426 0.337942
427 0.338165
428 0.338707
429 0.340797
430 0.337362
431 0.335511
432 0.335599
433 0.336447
434 0.334891
435 0.332986
436 0.331192
437 0.329770
438 0.329565
439 0.328801
440 0.328415
441 0.327951
442 0.326773
443 0.326327
444 0.325958
445 0.325760
446 0.325356
447 0.325091
448 0.324958
449 0.324875
450 0.323652
451 0.323122
452 0.322491
453 0.322346
454 0.322113
455 0.321728
456 0.321666
457 0.321467
458 0.321368
459 0.319437
460 0.319133
461 0.318838
462 0.318245
463 0.318073
464 0.317378
465 0.316966
466 0.316742
467 0.316756
468 0.315333
469 0.315229
470 0.314051
471 0.313861
472 0.314046
473 0.313525
474 0.313743
475 0.314143
476 0.313264
477 0.313204
478 0.316250
479 0.311815
480 0.310621
481 0.309590
482 0.309172
483 0.308626
484 0.308386
485 0.308024
486 0.307808
487 0.307081
488 0.306776
489 0.306885
490 0.306563
491 0.305626
492 0.305191
493 0.304772
494 0.304180
495 0.304012
496 0.303958
497 0.304475
498 0.304167
499 0.303022
500 0.301612
501 0.301523
502 0.300613
503 0.299894
504 0.298662
505 0.298257
506 0.298119
507 0.297930
508 0.297801
509 0.297643
510 0.297730
511 0.297249
512 0.296911
513 0.296281
514 0.296003
515 0.295482
516 0.296674
517 0.296904
518 0.296404
519 0.293484
520 0.292885
521 0.292704
522 0.292541
523 0.292361
524 0.292270
525 0.292141
526 0.292111
527 0.291198
528 0.290658
529 0.290528
530 0.290202
531 0.289653
532 0.289021
533 0.288703
534 0.288564
535 0.288242
536 0.288608
537 0.287195
538 0.286449
539 0.286251
540 0.286122
541 0.286038
542 0.285514
543 0.285275
544 0.285030
545 0.284493
546 0.284556
547 0.283786
548 0.282980
549 0.282841
550 0.282713
551 0.281870
552 0.281704
553 0.281521
554 0.280478
555 0.280386
556 0.279301
557 0.279181
558 0.279358
559 0.279035
560 0.278363
561 0.277511
562 0.276985
563 0.276881
564 0.276763
565 0.275822
566 0.275736
567 0.275417
568 0.275545
569 0.275945
570 0.276853
571 0.276903
572 0.278347
573 0.277456
574 0.277879
575 0.278202
576 0.278417
577 0.277504
578 0.278090
579 0.277436
580 0.277965
581 0.280574
582 0.281977
583 0.277121
584 0.276416
585 0.272668
586 0.272754
587 0.270713
588 0.270882
589 0.271508
590 0.271755
591 0.272235
592 0.273389
593 0.272698
594 0.273462
595 0.268541
596 0.269179
597 0.268062
598 0.266570
599 0.268038
600 0.266623
601 0.265378
602 0.265541
603 0.266093
604 0.266380
605 0.264963
606 0.265268
607 0.263191
608 0.263279
609 0.261994
610 0.261105
611 0.260929
612 0.260803
613 0.260390
614 0.260076
615 0.259865
616 0.260096
617 0.260072
618 0.260407
619 0.260419
620 0.260412
621 0.259386
622 0.258945
623 0.258873
624 0.258928
625 0.258365
626 0.258467
627 0.257492
628 0.257441
629 0.257468
630 0.257492
631 0.257311
632 0.257049
633 0.257097
634 0.256142
635 0.255545
636 0.255391
637 0.255470
638 0.254867
639 0.254329
640 0.254397
641 0.254608
642 0.254624
643 0.254655
644 0.253655
645 0.253460
646 0.253334
647 0.253523
648 0.254483
649 0.255032
650 0.255103
651 0.254767
652 0.253983
653 0.254607
654 0.255311
655 0.253806
656 0.253959
657 0.253825
658 0.254096
659 0.253619
660 0.253799
661 0.253982
662 0.254067
663 0.254955
664 0.254120
665 0.254635
666 0.251025
667 0.251750
668 0.250067
669 0.250344
670 0.250929
671 0.251046
672 0.248912
673 0.248923
674 0.248953
675 0.248853
676 0.246507
677 0.245928
678 0.247390
679 0.247460
680 0.247602
681 0.249622
682 0.249346
683 0.249552
684 0.249631
685 0.250277
686 0.249629
687 0.250748
688 0.251916
689 0.249997
690 0.249128
691 0.250661
692 0.254415
693 0.256893
694 0.253868
695 0.255227
696 0.254701
697 0.253285
698 0.254145
699 0.251810
700 0.249965
701 0.250637
702 0.250035
703 0.249151
704 0.250335
705 0.249173
706 0.248176
707 0.248278
708 0.247847
709 0.244836
710 0.247967
711 0.248337
712 0.245579
713 0.244041
714 0.243699
715 0.238985
716 0.238486
717 0.239346
718 0.239103
719 0.238299
720 0.238483
721 0.235526
722 0.235590
723 0.235346
724 0.235439
725 0.235014
726 0.233781
727 0.233699
728 0.233536
729 0.233336
730 0.233333
731 0.232639
732 0.233272
733 0.233775
734 0.232427
735 0.232335
736 0.232025
737 0.231528
738 0.231534
739 0.231356
740 0.230119
741 0.229779
742 0.229716
743 0.229580
744 0.229426
745 0.229289
746 0.229180
747 0.229081
748 0.229205
749 0.229307
750 0.229402
751 0.228011
752 0.228032
753 0.227134
754 0.227141
755 0.226366
756 0.225997
757 0.225863
758 0.225665
759 0.225396
760 0.225372
761 0.225336
762 0.225313
763 0.225191
764 0.224695
765 0.224600
766 0.224389
767 0.224115
768 0.223807
769 0.223701
770 0.223547
771 0.223543
772 0.223319
773 0.223462
774 0.223264
775 0.223023
776 0.222745
777 0.222485
778 0.221936
779 0.221116
780 0.221051
781 0.221205
782 0.221196
783 0.220918
784 0.220668
785 0.220640
786 0.220436
787 0.220371
788 0.220354
789 0.219895
790 0.219703
791 0.219768
792 0.219324
793 0.219291
794 0.218782
795 0.218534
796 0.218454
797 0.218374
798 0.218167
799 0.218114
800 0.218409
801 0.217335
802 0.217347
803 0.216781
804 0.216822
805 0.216567
806 0.216218
807 0.216254
808 0.216329
809 0.216512
810 0.216352
811 0.216398
812 0.216526
813 0.216222
814 0.216516
815 0.216665
816 0.216884
817 0.216228
818 0.216104
819 0.216669
820 0.216304
821 0.216130
822 0.214080
823 0.214196
824 0.214382
825 0.213984
826 0.213045
827 0.212201
828 0.212111
829 0.212033
830 0.212021
831 0.211769
832 0.211664
833 0.211964
834 0.211818
835 0.212000
836 0.211187
837 0.210165
838 0.209901
839 0.209841
840 0.209675
841 0.209634
842 0.209722
843 0.209215
844 0.209129
845 0.208826
846 0.208785
847 0.208768
848 0.208781
849 0.209019
850 0.209070
851 0.208992
852 0.208843
853 0.208744
854 0.208740
855 0.208794
856 0.208952
857 0.207610
858 0.206957
859 0.206903
860 0.206883
861 0.206848
862 0.206829
863 0.206399
864 0.206274
865 0.206222
866 0.205956
867 0.205998
868 0.205593
869 0.205604
870 0.205719
871 0.206237
872 0.205764
873 0.205891
874 0.205451
875 0.205489
876 0.204514
877 0.203811
878 0.203273
879 0.202731
880 0.202672
881 0.202640
882 0.202460
883 0.202144
884 0.202140
885 0.201945
886 0.201709
887 0.202080
888 0.202611
889 0.202355
890 0.202364
891 0.202482
892 0.201717
893 0.201385
894 0.201443
895 0.200674
896 0.200797
897 0.200668
898 0.200592
899 0.200406
900 0.200424
901 0.200278
902 0.200055
903 0.199785
904 0.199531
905 0.199530
906 0.199767
907 0.200122
908 0.199600
909 0.199452
910 0.199468
911 0.198980
912 0.198815
913 0.198788
914 0.197901
915 0.197797
916 0.197424
917 0.197312
918 0.196927
919 0.196955
920 0.196954
914.715000 1.006871